<?xml version="1.0" encoding="UTF-8"?>
<testng-results ignored="0" total="2" passed="2" failed="0" skipped="0">
  <reporter-output>
  </reporter-output>
  <suite started-at="2022-01-21T17:13:56 IST" name="Default suite" finished-at="2022-01-21T17:14:18 IST" duration-ms="22237">
    <groups>
    </groups>
    <test started-at="2022-01-21T17:13:56 IST" name="Default test" finished-at="2022-01-21T17:14:18 IST" duration-ms="22237">
      <class name="basicTest.LoginPageValidation">
        <test-method is-config="true" signature="BaseActivity()[pri:0, instance:basicTest.LoginPageValidation@2a265ea9]" started-at="2022-01-21T17:13:56 IST" name="BaseActivity" finished-at="2022-01-21T17:14:03 IST" duration-ms="6868" status="PASS">
          <reporter-output>
          </reporter-output>
        </test-method> <!-- BaseActivity -->
        <test-method is-config="true" signature="Resetpage()[pri:0, instance:basicTest.LoginPageValidation@2a265ea9]" started-at="2022-01-21T17:14:03 IST" name="Resetpage" finished-at="2022-01-21T17:14:06 IST" duration-ms="3014" status="PASS">
          <reporter-output>
          </reporter-output>
        </test-method> <!-- Resetpage -->
        <test-method signature="PasswordErrorValidation()[pri:0, instance:basicTest.LoginPageValidation@2a265ea9]" started-at="2022-01-21T17:14:06 IST" name="PasswordErrorValidation" finished-at="2022-01-21T17:14:10 IST" duration-ms="4362" status="PASS">
          <reporter-output>
          </reporter-output>
        </test-method> <!-- PasswordErrorValidation -->
        <test-method is-config="true" signature="Resetpage()[pri:0, instance:basicTest.LoginPageValidation@2a265ea9]" started-at="2022-01-21T17:14:10 IST" name="Resetpage" finished-at="2022-01-21T17:14:14 IST" duration-ms="3199" status="PASS">
          <reporter-output>
          </reporter-output>
        </test-method> <!-- Resetpage -->
        <test-method signature="UIDerrorvalidation()[pri:0, instance:basicTest.LoginPageValidation@2a265ea9]" started-at="2022-01-21T17:14:14 IST" name="UIDerrorvalidation" finished-at="2022-01-21T17:14:17 IST" duration-ms="3366" status="PASS">
          <reporter-output>
          </reporter-output>
        </test-method> <!-- UIDerrorvalidation -->
        <test-method is-config="true" signature="TerminateBrowser()[pri:0, instance:basicTest.LoginPageValidation@2a265ea9]" started-at="2022-01-21T17:14:17 IST" name="TerminateBrowser" finished-at="2022-01-21T17:14:18 IST" duration-ms="1127" status="PASS">
          <reporter-output>
          </reporter-output>
        </test-method> <!-- TerminateBrowser -->
      </class> <!-- basicTest.LoginPageValidation -->
    </test> <!-- Default test -->
  </suite> <!-- Default suite -->
</testng-results>
